[2019-07-05 16:06:05.148] [renderer1] [error] Error: Error: ENOENT: no such file or directory, stat '/home/eleganz2/Demo2/.vscode'
[2019-07-05 17:19:54.303] [renderer1] [error] h.fetchChildren is not a function: TypeError: h.fetchChildren is not a function
    at file:///usr/share/code/resources/app/out/vs/workbench/workbench.main.js:5244:995
    at Generator.next (<anonymous>)
    at file:///usr/share/code/resources/app/out/vs/workbench/workbench.main.js:34:621
    at new Promise (<anonymous>)
    at n (file:///usr/share/code/resources/app/out/vs/workbench/workbench.main.js:34:398)
    at X (file:///usr/share/code/resources/app/out/vs/workbench/workbench.main.js:5244:487)
    at handler (file:///usr/share/code/resources/app/out/vs/workbench/workbench.main.js:5255:447)
    at c.invokeFunction (file:///usr/share/code/resources/app/out/vs/workbench/workbench.main.js:1389:837)
    at Proxy._tryExecuteCommand (file:///usr/share/code/resources/app/out/vs/workbench/workbench.main.js:3035:52)
    at r.then.i (file:///usr/share/code/resources/app/out/vs/workbench/workbench.main.js:3034:717)
[2019-07-05 17:19:57.078] [renderer1] [error] h.fetchChildren is not a function: TypeError: h.fetchChildren is not a function
    at file:///usr/share/code/resources/app/out/vs/workbench/workbench.main.js:5244:995
    at Generator.next (<anonymous>)
    at file:///usr/share/code/resources/app/out/vs/workbench/workbench.main.js:34:621
    at new Promise (<anonymous>)
    at n (file:///usr/share/code/resources/app/out/vs/workbench/workbench.main.js:34:398)
    at X (file:///usr/share/code/resources/app/out/vs/workbench/workbench.main.js:5244:487)
    at handler (file:///usr/share/code/resources/app/out/vs/workbench/workbench.main.js:5255:447)
    at c.invokeFunction (file:///usr/share/code/resources/app/out/vs/workbench/workbench.main.js:1389:837)
    at Proxy._tryExecuteCommand (file:///usr/share/code/resources/app/out/vs/workbench/workbench.main.js:3035:52)
    at r.then.i (file:///usr/share/code/resources/app/out/vs/workbench/workbench.main.js:3034:717)
[2019-07-05 17:19:58.505] [renderer1] [error] h.fetchChildren is not a function: TypeError: h.fetchChildren is not a function
    at file:///usr/share/code/resources/app/out/vs/workbench/workbench.main.js:5244:995
    at Generator.next (<anonymous>)
    at file:///usr/share/code/resources/app/out/vs/workbench/workbench.main.js:34:621
    at new Promise (<anonymous>)
    at n (file:///usr/share/code/resources/app/out/vs/workbench/workbench.main.js:34:398)
    at X (file:///usr/share/code/resources/app/out/vs/workbench/workbench.main.js:5244:487)
    at handler (file:///usr/share/code/resources/app/out/vs/workbench/workbench.main.js:5255:447)
    at c.invokeFunction (file:///usr/share/code/resources/app/out/vs/workbench/workbench.main.js:1389:837)
    at Proxy._tryExecuteCommand (file:///usr/share/code/resources/app/out/vs/workbench/workbench.main.js:3035:52)
    at r.then.i (file:///usr/share/code/resources/app/out/vs/workbench/workbench.main.js:3034:717)
[2019-07-05 17:21:55.153] [renderer1] [error] TypeScript Server Error (3.5.1)
Cannot read property 'parent' of undefined
TypeError: Cannot read property 'parent' of undefined
    at Object.deleteDeclaration (tsserver.js:112645:56)
    at _loop_9 (tsserver.js:112264:47)
    at ChangeTracker.finishDeleteDeclarations (tsserver.js:112271:21)
    at ChangeTracker.getChanges (tsserver.js:112291:22)
    at Function.ChangeTracker.with (tsserver.js:111836:32)
    at Object.getCodeActions (tsserver.js:116433:68)
    at tsserver.js:112821:121
    at Object.flatMap (tsserver.js:573:25)
    at Object.getFixes (tsserver.js:112821:23)
    at tsserver.js:122397:35
    at Object.flatMap (tsserver.js:573:25)
    at Object.getCodeFixesAtPosition (tsserver.js:122395:23)
    at IOSession.Session.getCodeFixes (tsserver.js:131443:64)
    at Session.handlers.ts.createMapFromTemplate._a.(anonymous function) (tsserver.js:130193:61)
    at tsserver.js:131637:88
    at IOSession.Session.executeWithRequestId (tsserver.js:131628:28)
    at IOSession.Session.executeCommand (tsserver.js:131637:33)
    at IOSession.Session.onMessage (tsserver.js:131659:35)
    at Interface.<anonymous> (tsserver.js:132950:27)
    at Interface.emit (events.js:182:13)
    at Interface._onLine (readline.js:290:10)
    at Interface._normalWrite (readline.js:433:12)
    at Socket.ondata (readline.js:149:10)
    at Socket.emit (events.js:182:13)
    at addChunk (_stream_readable.js:279:12)
    at readableAddChunk (_stream_readable.js:264:11)
    at Socket.Readable.push (_stream_readable.js:219:10)
    at Pipe.onread (net.js:636:20): Error: TypeScript Server Error (3.5.1)
Cannot read property 'parent' of undefined
TypeError: Cannot read property 'parent' of undefined
    at Object.deleteDeclaration (tsserver.js:112645:56)
    at _loop_9 (tsserver.js:112264:47)
    at ChangeTracker.finishDeleteDeclarations (tsserver.js:112271:21)
    at ChangeTracker.getChanges (tsserver.js:112291:22)
    at Function.ChangeTracker.with (tsserver.js:111836:32)
    at Object.getCodeActions (tsserver.js:116433:68)
    at tsserver.js:112821:121
    at Object.flatMap (tsserver.js:573:25)
    at Object.getFixes (tsserver.js:112821:23)
    at tsserver.js:122397:35
    at Object.flatMap (tsserver.js:573:25)
    at Object.getCodeFixesAtPosition (tsserver.js:122395:23)
    at IOSession.Session.getCodeFixes (tsserver.js:131443:64)
    at Session.handlers.ts.createMapFromTemplate._a.(anonymous function) (tsserver.js:130193:61)
    at tsserver.js:131637:88
    at IOSession.Session.executeWithRequestId (tsserver.js:131628:28)
    at IOSession.Session.executeCommand (tsserver.js:131637:33)
    at IOSession.Session.onMessage (tsserver.js:131659:35)
    at Interface.<anonymous> (tsserver.js:132950:27)
    at Interface.emit (events.js:182:13)
    at Interface._onLine (readline.js:290:10)
    at Interface._normalWrite (readline.js:433:12)
    at Socket.ondata (readline.js:149:10)
    at Socket.emit (events.js:182:13)
    at addChunk (_stream_readable.js:279:12)
    at readableAddChunk (_stream_readable.js:264:11)
    at Socket.Readable.push (_stream_readable.js:219:10)
    at Pipe.onread (net.js:636:20)
	at Function.create (/usr/share/code/resources/app/extensions/typescript-language-features/dist/extension.js:1:197728)
	at v.dispatchResponse (/usr/share/code/resources/app/extensions/typescript-language-features/dist/extension.js:1:203096)
	at v.dispatchMessage (/usr/share/code/resources/app/extensions/typescript-language-features/dist/extension.js:1:201848)
	at constructor._reader.onData.e (/usr/share/code/resources/app/extensions/typescript-language-features/dist/extension.js:1:201204)
	at u.fire (/usr/share/code/resources/app/out/vs/workbench/services/extensions/node/extensionHostProcess.js:47:720)
	at t.Reader.onLengthData (/usr/share/code/resources/app/extensions/typescript-language-features/dist/extension.js:1:206508)
	at Socket.t.Reader.constructor.e.on.e (/usr/share/code/resources/app/extensions/typescript-language-features/dist/extension.js:1:206156)
	at Socket.emit (events.js:182:13)
	at addChunk (_stream_readable.js:279:12)
	at readableAddChunk (_stream_readable.js:264:11)
	at Socket.Readable.push (_stream_readable.js:219:10)
	at Pipe.onread (net.js:636:20)
[2019-07-05 17:21:56.593] [renderer1] [error] TypeScript Server Error (3.5.1)
Cannot read property 'parent' of undefined
TypeError: Cannot read property 'parent' of undefined
    at Object.deleteDeclaration (tsserver.js:112645:56)
    at _loop_9 (tsserver.js:112264:47)
    at ChangeTracker.finishDeleteDeclarations (tsserver.js:112271:21)
    at ChangeTracker.getChanges (tsserver.js:112291:22)
    at Function.ChangeTracker.with (tsserver.js:111836:32)
    at Object.getCodeActions (tsserver.js:116433:68)
    at tsserver.js:112821:121
    at Object.flatMap (tsserver.js:573:25)
    at Object.getFixes (tsserver.js:112821:23)
    at tsserver.js:122397:35
    at Object.flatMap (tsserver.js:573:25)
    at Object.getCodeFixesAtPosition (tsserver.js:122395:23)
    at IOSession.Session.getCodeFixes (tsserver.js:131443:64)
    at Session.handlers.ts.createMapFromTemplate._a.(anonymous function) (tsserver.js:130193:61)
    at tsserver.js:131637:88
    at IOSession.Session.executeWithRequestId (tsserver.js:131628:28)
    at IOSession.Session.executeCommand (tsserver.js:131637:33)
    at IOSession.Session.onMessage (tsserver.js:131659:35)
    at Interface.<anonymous> (tsserver.js:132950:27)
    at Interface.emit (events.js:182:13)
    at Interface._onLine (readline.js:290:10)
    at Interface._normalWrite (readline.js:433:12)
    at Socket.ondata (readline.js:149:10)
    at Socket.emit (events.js:182:13)
    at addChunk (_stream_readable.js:279:12)
    at readableAddChunk (_stream_readable.js:264:11)
    at Socket.Readable.push (_stream_readable.js:219:10)
    at Pipe.onread (net.js:636:20): Error: TypeScript Server Error (3.5.1)
Cannot read property 'parent' of undefined
TypeError: Cannot read property 'parent' of undefined
    at Object.deleteDeclaration (tsserver.js:112645:56)
    at _loop_9 (tsserver.js:112264:47)
    at ChangeTracker.finishDeleteDeclarations (tsserver.js:112271:21)
    at ChangeTracker.getChanges (tsserver.js:112291:22)
    at Function.ChangeTracker.with (tsserver.js:111836:32)
    at Object.getCodeActions (tsserver.js:116433:68)
    at tsserver.js:112821:121
    at Object.flatMap (tsserver.js:573:25)
    at Object.getFixes (tsserver.js:112821:23)
    at tsserver.js:122397:35
    at Object.flatMap (tsserver.js:573:25)
    at Object.getCodeFixesAtPosition (tsserver.js:122395:23)
    at IOSession.Session.getCodeFixes (tsserver.js:131443:64)
    at Session.handlers.ts.createMapFromTemplate._a.(anonymous function) (tsserver.js:130193:61)
    at tsserver.js:131637:88
    at IOSession.Session.executeWithRequestId (tsserver.js:131628:28)
    at IOSession.Session.executeCommand (tsserver.js:131637:33)
    at IOSession.Session.onMessage (tsserver.js:131659:35)
    at Interface.<anonymous> (tsserver.js:132950:27)
    at Interface.emit (events.js:182:13)
    at Interface._onLine (readline.js:290:10)
    at Interface._normalWrite (readline.js:433:12)
    at Socket.ondata (readline.js:149:10)
    at Socket.emit (events.js:182:13)
    at addChunk (_stream_readable.js:279:12)
    at readableAddChunk (_stream_readable.js:264:11)
    at Socket.Readable.push (_stream_readable.js:219:10)
    at Pipe.onread (net.js:636:20)
	at Function.create (/usr/share/code/resources/app/extensions/typescript-language-features/dist/extension.js:1:197728)
	at v.dispatchResponse (/usr/share/code/resources/app/extensions/typescript-language-features/dist/extension.js:1:203096)
	at v.dispatchMessage (/usr/share/code/resources/app/extensions/typescript-language-features/dist/extension.js:1:201848)
	at constructor._reader.onData.e (/usr/share/code/resources/app/extensions/typescript-language-features/dist/extension.js:1:201204)
	at u.fire (/usr/share/code/resources/app/out/vs/workbench/services/extensions/node/extensionHostProcess.js:47:720)
	at t.Reader.onLengthData (/usr/share/code/resources/app/extensions/typescript-language-features/dist/extension.js:1:206508)
	at Socket.t.Reader.constructor.e.on.e (/usr/share/code/resources/app/extensions/typescript-language-features/dist/extension.js:1:206156)
	at Socket.emit (events.js:182:13)
	at addChunk (_stream_readable.js:279:12)
	at readableAddChunk (_stream_readable.js:264:11)
	at Socket.Readable.push (_stream_readable.js:219:10)
	at Pipe.onread (net.js:636:20)
[2019-07-05 17:21:58.752] [renderer1] [error] TypeScript Server Error (3.5.1)
Cannot read property 'parent' of undefined
TypeError: Cannot read property 'parent' of undefined
    at Object.deleteDeclaration (tsserver.js:112645:56)
    at _loop_9 (tsserver.js:112264:47)
    at ChangeTracker.finishDeleteDeclarations (tsserver.js:112271:21)
    at ChangeTracker.getChanges (tsserver.js:112291:22)
    at Function.ChangeTracker.with (tsserver.js:111836:32)
    at Object.getCodeActions (tsserver.js:116433:68)
    at tsserver.js:112821:121
    at Object.flatMap (tsserver.js:573:25)
    at Object.getFixes (tsserver.js:112821:23)
    at tsserver.js:122397:35
    at Object.flatMap (tsserver.js:573:25)
    at Object.getCodeFixesAtPosition (tsserver.js:122395:23)
    at IOSession.Session.getCodeFixes (tsserver.js:131443:64)
    at Session.handlers.ts.createMapFromTemplate._a.(anonymous function) (tsserver.js:130193:61)
    at tsserver.js:131637:88
    at IOSession.Session.executeWithRequestId (tsserver.js:131628:28)
    at IOSession.Session.executeCommand (tsserver.js:131637:33)
    at IOSession.Session.onMessage (tsserver.js:131659:35)
    at Interface.<anonymous> (tsserver.js:132950:27)
    at Interface.emit (events.js:182:13)
    at Interface._onLine (readline.js:290:10)
    at Interface._normalWrite (readline.js:433:12)
    at Socket.ondata (readline.js:149:10)
    at Socket.emit (events.js:182:13)
    at addChunk (_stream_readable.js:279:12)
    at readableAddChunk (_stream_readable.js:264:11)
    at Socket.Readable.push (_stream_readable.js:219:10)
    at Pipe.onread (net.js:636:20): Error: TypeScript Server Error (3.5.1)
Cannot read property 'parent' of undefined
TypeError: Cannot read property 'parent' of undefined
    at Object.deleteDeclaration (tsserver.js:112645:56)
    at _loop_9 (tsserver.js:112264:47)
    at ChangeTracker.finishDeleteDeclarations (tsserver.js:112271:21)
    at ChangeTracker.getChanges (tsserver.js:112291:22)
    at Function.ChangeTracker.with (tsserver.js:111836:32)
    at Object.getCodeActions (tsserver.js:116433:68)
    at tsserver.js:112821:121
    at Object.flatMap (tsserver.js:573:25)
    at Object.getFixes (tsserver.js:112821:23)
    at tsserver.js:122397:35
    at Object.flatMap (tsserver.js:573:25)
    at Object.getCodeFixesAtPosition (tsserver.js:122395:23)
    at IOSession.Session.getCodeFixes (tsserver.js:131443:64)
    at Session.handlers.ts.createMapFromTemplate._a.(anonymous function) (tsserver.js:130193:61)
    at tsserver.js:131637:88
    at IOSession.Session.executeWithRequestId (tsserver.js:131628:28)
    at IOSession.Session.executeCommand (tsserver.js:131637:33)
    at IOSession.Session.onMessage (tsserver.js:131659:35)
    at Interface.<anonymous> (tsserver.js:132950:27)
    at Interface.emit (events.js:182:13)
    at Interface._onLine (readline.js:290:10)
    at Interface._normalWrite (readline.js:433:12)
    at Socket.ondata (readline.js:149:10)
    at Socket.emit (events.js:182:13)
    at addChunk (_stream_readable.js:279:12)
    at readableAddChunk (_stream_readable.js:264:11)
    at Socket.Readable.push (_stream_readable.js:219:10)
    at Pipe.onread (net.js:636:20)
	at Function.create (/usr/share/code/resources/app/extensions/typescript-language-features/dist/extension.js:1:197728)
	at v.dispatchResponse (/usr/share/code/resources/app/extensions/typescript-language-features/dist/extension.js:1:203096)
	at v.dispatchMessage (/usr/share/code/resources/app/extensions/typescript-language-features/dist/extension.js:1:201848)
	at constructor._reader.onData.e (/usr/share/code/resources/app/extensions/typescript-language-features/dist/extension.js:1:201204)
	at u.fire (/usr/share/code/resources/app/out/vs/workbench/services/extensions/node/extensionHostProcess.js:47:720)
	at t.Reader.onLengthData (/usr/share/code/resources/app/extensions/typescript-language-features/dist/extension.js:1:206508)
	at Socket.t.Reader.constructor.e.on.e (/usr/share/code/resources/app/extensions/typescript-language-features/dist/extension.js:1:206156)
	at Socket.emit (events.js:182:13)
	at addChunk (_stream_readable.js:279:12)
	at readableAddChunk (_stream_readable.js:264:11)
	at Socket.Readable.push (_stream_readable.js:219:10)
	at Pipe.onread (net.js:636:20)
[2019-07-05 17:22:01.738] [renderer1] [error] TypeScript Server Error (3.5.1)
Cannot read property 'parent' of undefined
TypeError: Cannot read property 'parent' of undefined
    at Object.deleteDeclaration (tsserver.js:112645:56)
    at _loop_9 (tsserver.js:112264:47)
    at ChangeTracker.finishDeleteDeclarations (tsserver.js:112271:21)
    at ChangeTracker.getChanges (tsserver.js:112291:22)
    at Function.ChangeTracker.with (tsserver.js:111836:32)
    at Object.getCodeActions (tsserver.js:116433:68)
    at tsserver.js:112821:121
    at Object.flatMap (tsserver.js:573:25)
    at Object.getFixes (tsserver.js:112821:23)
    at tsserver.js:122397:35
    at Object.flatMap (tsserver.js:573:25)
    at Object.getCodeFixesAtPosition (tsserver.js:122395:23)
    at IOSession.Session.getCodeFixes (tsserver.js:131443:64)
    at Session.handlers.ts.createMapFromTemplate._a.(anonymous function) (tsserver.js:130193:61)
    at tsserver.js:131637:88
    at IOSession.Session.executeWithRequestId (tsserver.js:131628:28)
    at IOSession.Session.executeCommand (tsserver.js:131637:33)
    at IOSession.Session.onMessage (tsserver.js:131659:35)
    at Interface.<anonymous> (tsserver.js:132950:27)
    at Interface.emit (events.js:182:13)
    at Interface._onLine (readline.js:290:10)
    at Interface._normalWrite (readline.js:433:12)
    at Socket.ondata (readline.js:149:10)
    at Socket.emit (events.js:182:13)
    at addChunk (_stream_readable.js:279:12)
    at readableAddChunk (_stream_readable.js:264:11)
    at Socket.Readable.push (_stream_readable.js:219:10)
    at Pipe.onread (net.js:636:20): Error: TypeScript Server Error (3.5.1)
Cannot read property 'parent' of undefined
TypeError: Cannot read property 'parent' of undefined
    at Object.deleteDeclaration (tsserver.js:112645:56)
    at _loop_9 (tsserver.js:112264:47)
    at ChangeTracker.finishDeleteDeclarations (tsserver.js:112271:21)
    at ChangeTracker.getChanges (tsserver.js:112291:22)
    at Function.ChangeTracker.with (tsserver.js:111836:32)
    at Object.getCodeActions (tsserver.js:116433:68)
    at tsserver.js:112821:121
    at Object.flatMap (tsserver.js:573:25)
    at Object.getFixes (tsserver.js:112821:23)
    at tsserver.js:122397:35
    at Object.flatMap (tsserver.js:573:25)
    at Object.getCodeFixesAtPosition (tsserver.js:122395:23)
    at IOSession.Session.getCodeFixes (tsserver.js:131443:64)
    at Session.handlers.ts.createMapFromTemplate._a.(anonymous function) (tsserver.js:130193:61)
    at tsserver.js:131637:88
    at IOSession.Session.executeWithRequestId (tsserver.js:131628:28)
    at IOSession.Session.executeCommand (tsserver.js:131637:33)
    at IOSession.Session.onMessage (tsserver.js:131659:35)
    at Interface.<anonymous> (tsserver.js:132950:27)
    at Interface.emit (events.js:182:13)
    at Interface._onLine (readline.js:290:10)
    at Interface._normalWrite (readline.js:433:12)
    at Socket.ondata (readline.js:149:10)
    at Socket.emit (events.js:182:13)
    at addChunk (_stream_readable.js:279:12)
    at readableAddChunk (_stream_readable.js:264:11)
    at Socket.Readable.push (_stream_readable.js:219:10)
    at Pipe.onread (net.js:636:20)
	at Function.create (/usr/share/code/resources/app/extensions/typescript-language-features/dist/extension.js:1:197728)
	at v.dispatchResponse (/usr/share/code/resources/app/extensions/typescript-language-features/dist/extension.js:1:203096)
	at v.dispatchMessage (/usr/share/code/resources/app/extensions/typescript-language-features/dist/extension.js:1:201848)
	at constructor._reader.onData.e (/usr/share/code/resources/app/extensions/typescript-language-features/dist/extension.js:1:201204)
	at u.fire (/usr/share/code/resources/app/out/vs/workbench/services/extensions/node/extensionHostProcess.js:47:720)
	at t.Reader.onLengthData (/usr/share/code/resources/app/extensions/typescript-language-features/dist/extension.js:1:206508)
	at Socket.t.Reader.constructor.e.on.e (/usr/share/code/resources/app/extensions/typescript-language-features/dist/extension.js:1:206156)
	at Socket.emit (events.js:182:13)
	at addChunk (_stream_readable.js:279:12)
	at readableAddChunk (_stream_readable.js:264:11)
	at Socket.Readable.push (_stream_readable.js:219:10)
	at Pipe.onread (net.js:636:20)
[2019-07-05 17:52:47.778] [renderer1] [error] TypeScript Server Error (3.5.1)
Cannot read property 'parent' of undefined
TypeError: Cannot read property 'parent' of undefined
    at Object.deleteDeclaration (tsserver.js:112645:56)
    at _loop_9 (tsserver.js:112264:47)
    at ChangeTracker.finishDeleteDeclarations (tsserver.js:112271:21)
    at ChangeTracker.getChanges (tsserver.js:112291:22)
    at Function.ChangeTracker.with (tsserver.js:111836:32)
    at Object.getCodeActions (tsserver.js:116433:68)
    at tsserver.js:112821:121
    at Object.flatMap (tsserver.js:573:25)
    at Object.getFixes (tsserver.js:112821:23)
    at tsserver.js:122397:35
    at Object.flatMap (tsserver.js:573:25)
    at Object.getCodeFixesAtPosition (tsserver.js:122395:23)
    at IOSession.Session.getCodeFixes (tsserver.js:131443:64)
    at Session.handlers.ts.createMapFromTemplate._a.(anonymous function) (tsserver.js:130193:61)
    at tsserver.js:131637:88
    at IOSession.Session.executeWithRequestId (tsserver.js:131628:28)
    at IOSession.Session.executeCommand (tsserver.js:131637:33)
    at IOSession.Session.onMessage (tsserver.js:131659:35)
    at Interface.<anonymous> (tsserver.js:132950:27)
    at Interface.emit (events.js:182:13)
    at Interface._onLine (readline.js:290:10)
    at Interface._normalWrite (readline.js:433:12)
    at Socket.ondata (readline.js:149:10)
    at Socket.emit (events.js:182:13)
    at addChunk (_stream_readable.js:279:12)
    at readableAddChunk (_stream_readable.js:264:11)
    at Socket.Readable.push (_stream_readable.js:219:10)
    at Pipe.onread (net.js:636:20): Error: TypeScript Server Error (3.5.1)
Cannot read property 'parent' of undefined
TypeError: Cannot read property 'parent' of undefined
    at Object.deleteDeclaration (tsserver.js:112645:56)
    at _loop_9 (tsserver.js:112264:47)
    at ChangeTracker.finishDeleteDeclarations (tsserver.js:112271:21)
    at ChangeTracker.getChanges (tsserver.js:112291:22)
    at Function.ChangeTracker.with (tsserver.js:111836:32)
    at Object.getCodeActions (tsserver.js:116433:68)
    at tsserver.js:112821:121
    at Object.flatMap (tsserver.js:573:25)
    at Object.getFixes (tsserver.js:112821:23)
    at tsserver.js:122397:35
    at Object.flatMap (tsserver.js:573:25)
    at Object.getCodeFixesAtPosition (tsserver.js:122395:23)
    at IOSession.Session.getCodeFixes (tsserver.js:131443:64)
    at Session.handlers.ts.createMapFromTemplate._a.(anonymous function) (tsserver.js:130193:61)
    at tsserver.js:131637:88
    at IOSession.Session.executeWithRequestId (tsserver.js:131628:28)
    at IOSession.Session.executeCommand (tsserver.js:131637:33)
    at IOSession.Session.onMessage (tsserver.js:131659:35)
    at Interface.<anonymous> (tsserver.js:132950:27)
    at Interface.emit (events.js:182:13)
    at Interface._onLine (readline.js:290:10)
    at Interface._normalWrite (readline.js:433:12)
    at Socket.ondata (readline.js:149:10)
    at Socket.emit (events.js:182:13)
    at addChunk (_stream_readable.js:279:12)
    at readableAddChunk (_stream_readable.js:264:11)
    at Socket.Readable.push (_stream_readable.js:219:10)
    at Pipe.onread (net.js:636:20)
	at Function.create (/usr/share/code/resources/app/extensions/typescript-language-features/dist/extension.js:1:197728)
	at v.dispatchResponse (/usr/share/code/resources/app/extensions/typescript-language-features/dist/extension.js:1:203096)
	at v.dispatchMessage (/usr/share/code/resources/app/extensions/typescript-language-features/dist/extension.js:1:201848)
	at constructor._reader.onData.e (/usr/share/code/resources/app/extensions/typescript-language-features/dist/extension.js:1:201204)
	at u.fire (/usr/share/code/resources/app/out/vs/workbench/services/extensions/node/extensionHostProcess.js:47:720)
	at t.Reader.onLengthData (/usr/share/code/resources/app/extensions/typescript-language-features/dist/extension.js:1:206508)
	at Socket.t.Reader.constructor.e.on.e (/usr/share/code/resources/app/extensions/typescript-language-features/dist/extension.js:1:206156)
	at Socket.emit (events.js:182:13)
	at addChunk (_stream_readable.js:279:12)
	at readableAddChunk (_stream_readable.js:264:11)
	at Socket.Readable.push (_stream_readable.js:219:10)
	at Pipe.onread (net.js:636:20)
[2019-07-05 17:52:50.964] [renderer1] [error] TypeScript Server Error (3.5.1)
Cannot read property 'parent' of undefined
TypeError: Cannot read property 'parent' of undefined
    at Object.deleteDeclaration (tsserver.js:112645:56)
    at _loop_9 (tsserver.js:112264:47)
    at ChangeTracker.finishDeleteDeclarations (tsserver.js:112271:21)
    at ChangeTracker.getChanges (tsserver.js:112291:22)
    at Function.ChangeTracker.with (tsserver.js:111836:32)
    at Object.getCodeActions (tsserver.js:116433:68)
    at tsserver.js:112821:121
    at Object.flatMap (tsserver.js:573:25)
    at Object.getFixes (tsserver.js:112821:23)
    at tsserver.js:122397:35
    at Object.flatMap (tsserver.js:573:25)
    at Object.getCodeFixesAtPosition (tsserver.js:122395:23)
    at IOSession.Session.getCodeFixes (tsserver.js:131443:64)
    at Session.handlers.ts.createMapFromTemplate._a.(anonymous function) (tsserver.js:130193:61)
    at tsserver.js:131637:88
    at IOSession.Session.executeWithRequestId (tsserver.js:131628:28)
    at IOSession.Session.executeCommand (tsserver.js:131637:33)
    at IOSession.Session.onMessage (tsserver.js:131659:35)
    at Interface.<anonymous> (tsserver.js:132950:27)
    at Interface.emit (events.js:182:13)
    at Interface._onLine (readline.js:290:10)
    at Interface._normalWrite (readline.js:433:12)
    at Socket.ondata (readline.js:149:10)
    at Socket.emit (events.js:182:13)
    at addChunk (_stream_readable.js:279:12)
    at readableAddChunk (_stream_readable.js:264:11)
    at Socket.Readable.push (_stream_readable.js:219:10)
    at Pipe.onread (net.js:636:20): Error: TypeScript Server Error (3.5.1)
Cannot read property 'parent' of undefined
TypeError: Cannot read property 'parent' of undefined
    at Object.deleteDeclaration (tsserver.js:112645:56)
    at _loop_9 (tsserver.js:112264:47)
    at ChangeTracker.finishDeleteDeclarations (tsserver.js:112271:21)
    at ChangeTracker.getChanges (tsserver.js:112291:22)
    at Function.ChangeTracker.with (tsserver.js:111836:32)
    at Object.getCodeActions (tsserver.js:116433:68)
    at tsserver.js:112821:121
    at Object.flatMap (tsserver.js:573:25)
    at Object.getFixes (tsserver.js:112821:23)
    at tsserver.js:122397:35
    at Object.flatMap (tsserver.js:573:25)
    at Object.getCodeFixesAtPosition (tsserver.js:122395:23)
    at IOSession.Session.getCodeFixes (tsserver.js:131443:64)
    at Session.handlers.ts.createMapFromTemplate._a.(anonymous function) (tsserver.js:130193:61)
    at tsserver.js:131637:88
    at IOSession.Session.executeWithRequestId (tsserver.js:131628:28)
    at IOSession.Session.executeCommand (tsserver.js:131637:33)
    at IOSession.Session.onMessage (tsserver.js:131659:35)
    at Interface.<anonymous> (tsserver.js:132950:27)
    at Interface.emit (events.js:182:13)
    at Interface._onLine (readline.js:290:10)
    at Interface._normalWrite (readline.js:433:12)
    at Socket.ondata (readline.js:149:10)
    at Socket.emit (events.js:182:13)
    at addChunk (_stream_readable.js:279:12)
    at readableAddChunk (_stream_readable.js:264:11)
    at Socket.Readable.push (_stream_readable.js:219:10)
    at Pipe.onread (net.js:636:20)
	at Function.create (/usr/share/code/resources/app/extensions/typescript-language-features/dist/extension.js:1:197728)
	at v.dispatchResponse (/usr/share/code/resources/app/extensions/typescript-language-features/dist/extension.js:1:203096)
	at v.dispatchMessage (/usr/share/code/resources/app/extensions/typescript-language-features/dist/extension.js:1:201848)
	at constructor._reader.onData.e (/usr/share/code/resources/app/extensions/typescript-language-features/dist/extension.js:1:201204)
	at u.fire (/usr/share/code/resources/app/out/vs/workbench/services/extensions/node/extensionHostProcess.js:47:720)
	at t.Reader.onLengthData (/usr/share/code/resources/app/extensions/typescript-language-features/dist/extension.js:1:206508)
	at Socket.t.Reader.constructor.e.on.e (/usr/share/code/resources/app/extensions/typescript-language-features/dist/extension.js:1:206156)
	at Socket.emit (events.js:182:13)
	at addChunk (_stream_readable.js:279:12)
	at readableAddChunk (_stream_readable.js:264:11)
	at Socket.Readable.push (_stream_readable.js:219:10)
	at Pipe.onread (net.js:636:20)
[2019-07-05 17:52:55.411] [renderer1] [error] TypeScript Server Error (3.5.1)
Cannot read property 'parent' of undefined
TypeError: Cannot read property 'parent' of undefined
    at Object.deleteDeclaration (tsserver.js:112645:56)
    at _loop_9 (tsserver.js:112264:47)
    at ChangeTracker.finishDeleteDeclarations (tsserver.js:112271:21)
    at ChangeTracker.getChanges (tsserver.js:112291:22)
    at Function.ChangeTracker.with (tsserver.js:111836:32)
    at Object.getCodeActions (tsserver.js:116433:68)
    at tsserver.js:112821:121
    at Object.flatMap (tsserver.js:573:25)
    at Object.getFixes (tsserver.js:112821:23)
    at tsserver.js:122397:35
    at Object.flatMap (tsserver.js:573:25)
    at Object.getCodeFixesAtPosition (tsserver.js:122395:23)
    at IOSession.Session.getCodeFixes (tsserver.js:131443:64)
    at Session.handlers.ts.createMapFromTemplate._a.(anonymous function) (tsserver.js:130193:61)
    at tsserver.js:131637:88
    at IOSession.Session.executeWithRequestId (tsserver.js:131628:28)
    at IOSession.Session.executeCommand (tsserver.js:131637:33)
    at IOSession.Session.onMessage (tsserver.js:131659:35)
    at Interface.<anonymous> (tsserver.js:132950:27)
    at Interface.emit (events.js:182:13)
    at Interface._onLine (readline.js:290:10)
    at Interface._normalWrite (readline.js:433:12)
    at Socket.ondata (readline.js:149:10)
    at Socket.emit (events.js:182:13)
    at addChunk (_stream_readable.js:279:12)
    at readableAddChunk (_stream_readable.js:264:11)
    at Socket.Readable.push (_stream_readable.js:219:10)
    at Pipe.onread (net.js:636:20): Error: TypeScript Server Error (3.5.1)
Cannot read property 'parent' of undefined
TypeError: Cannot read property 'parent' of undefined
    at Object.deleteDeclaration (tsserver.js:112645:56)
    at _loop_9 (tsserver.js:112264:47)
    at ChangeTracker.finishDeleteDeclarations (tsserver.js:112271:21)
    at ChangeTracker.getChanges (tsserver.js:112291:22)
    at Function.ChangeTracker.with (tsserver.js:111836:32)
    at Object.getCodeActions (tsserver.js:116433:68)
    at tsserver.js:112821:121
    at Object.flatMap (tsserver.js:573:25)
    at Object.getFixes (tsserver.js:112821:23)
    at tsserver.js:122397:35
    at Object.flatMap (tsserver.js:573:25)
    at Object.getCodeFixesAtPosition (tsserver.js:122395:23)
    at IOSession.Session.getCodeFixes (tsserver.js:131443:64)
    at Session.handlers.ts.createMapFromTemplate._a.(anonymous function) (tsserver.js:130193:61)
    at tsserver.js:131637:88
    at IOSession.Session.executeWithRequestId (tsserver.js:131628:28)
    at IOSession.Session.executeCommand (tsserver.js:131637:33)
    at IOSession.Session.onMessage (tsserver.js:131659:35)
    at Interface.<anonymous> (tsserver.js:132950:27)
    at Interface.emit (events.js:182:13)
    at Interface._onLine (readline.js:290:10)
    at Interface._normalWrite (readline.js:433:12)
    at Socket.ondata (readline.js:149:10)
    at Socket.emit (events.js:182:13)
    at addChunk (_stream_readable.js:279:12)
    at readableAddChunk (_stream_readable.js:264:11)
    at Socket.Readable.push (_stream_readable.js:219:10)
    at Pipe.onread (net.js:636:20)
	at Function.create (/usr/share/code/resources/app/extensions/typescript-language-features/dist/extension.js:1:197728)
	at v.dispatchResponse (/usr/share/code/resources/app/extensions/typescript-language-features/dist/extension.js:1:203096)
	at v.dispatchMessage (/usr/share/code/resources/app/extensions/typescript-language-features/dist/extension.js:1:201848)
	at constructor._reader.onData.e (/usr/share/code/resources/app/extensions/typescript-language-features/dist/extension.js:1:201204)
	at u.fire (/usr/share/code/resources/app/out/vs/workbench/services/extensions/node/extensionHostProcess.js:47:720)
	at t.Reader.onLengthData (/usr/share/code/resources/app/extensions/typescript-language-features/dist/extension.js:1:206508)
	at Socket.t.Reader.constructor.e.on.e (/usr/share/code/resources/app/extensions/typescript-language-features/dist/extension.js:1:206156)
	at Socket.emit (events.js:182:13)
	at addChunk (_stream_readable.js:279:12)
	at readableAddChunk (_stream_readable.js:264:11)
	at Socket.Readable.push (_stream_readable.js:219:10)
	at Pipe.onread (net.js:636:20)
[2019-07-05 18:00:18.512] [renderer1] [error] Data tree node not found: [object Object]: Error: Data tree node not found: [object Object]
    at Y.getDataNode (file:///usr/share/code/resources/app/out/vs/workbench/workbench.main.js:963:433)
    at Y.rerender (file:///usr/share/code/resources/app/out/vs/workbench/workbench.main.js:961:205)
    at i.forEach.e (file:///usr/share/code/resources/app/out/vs/workbench/workbench.main.js:5307:73)
    at Array.forEach (<anonymous>)
    at e.onCopyItems (file:///usr/share/code/resources/app/out/vs/workbench/workbench.main.js:5307:52)
    at disposables.push.explorerService.onDidCopyItems.e (file:///usr/share/code/resources/app/out/vs/workbench/workbench.main.js:5299:595)
    at d.fire (file:///usr/share/code/resources/app/out/vs/workbench/workbench.main.js:77:983)
    at Proxy.setToCopy (file:///usr/share/code/resources/app/out/vs/workbench/workbench.main.js:4080:360)
    at Promise.all.then.e (file:///usr/share/code/resources/app/out/vs/workbench/workbench.main.js:5257:728)
